Flawfinder version 2.0.19, (C) 2001-2019 David A. Wheeler.
Number of rules (primarily dangerous function names) in C/C++ ruleset: 222
Examining ../visual/GraphVisual/Headers/graphicedge.h
Examining ../visual/GraphVisual/Headers/graphwindow.h
Examining ../visual/GraphVisual/Headers/algorithm.h
Examining ../visual/GraphVisual/Headers/mytextedit.h
Examining ../visual/GraphVisual/Headers/graphicnode.h
Examining ../visual/GraphVisual/Headers/popup.h
Examining ../visual/GraphVisual/Headers/edge.h
Examining ../visual/GraphVisual/Headers/graphtable.h
Examining ../visual/GraphVisual/Headers/node.h
Examining ../visual/GraphVisual/Headers/graph.h
Examining ../visual/GraphVisual/Source/edge.cpp
Examining ../visual/GraphVisual/Source/graphicnode.cpp
Examining ../visual/GraphVisual/Source/graphwindow.cpp
Examining ../visual/GraphVisual/Source/mytextedit.cpp
Examining ../visual/GraphVisual/Source/graph.cpp
Examining ../visual/GraphVisual/Source/popup.cpp
Examining ../visual/GraphVisual/Source/algorithm.cpp
Examining ../visual/GraphVisual/Source/graphicedge.cpp
Examining ../visual/GraphVisual/Source/main.cpp
Examining ../visual/GraphVisual/Source/graphtable.cpp
Examining ../visual/GraphVisual/Source/node.cpp

FINAL RESULTS:

../visual/GraphVisual/Source/graphwindow.cpp:553:  [2] (misc) open:
  Check when opening files - can an attacker redirect it (via symlinks),
  force the opening of special file type (e.g., device files), move things
  around to create a race condition, control its ancestors, or change its
  contents? (CWE-362).
../visual/GraphVisual/Source/graphwindow.cpp:624:  [2] (misc) open:
  Check when opening files - can an attacker redirect it (via symlinks),
  force the opening of special file type (e.g., device files), move things
  around to create a race condition, control its ancestors, or change its
  contents? (CWE-362).
../visual/GraphVisual/Source/graphwindow.cpp:648:  [2] (misc) open:
  Check when opening files - can an attacker redirect it (via symlinks),
  force the opening of special file type (e.g., device files), move things
  around to create a race condition, control its ancestors, or change its
  contents? (CWE-362).
../visual/GraphVisual/Source/graphwindow.cpp:704:  [2] (misc) open:
  Check when opening files - can an attacker redirect it (via symlinks),
  force the opening of special file type (e.g., device files), move things
  around to create a race condition, control its ancestors, or change its
  contents? (CWE-362).
../visual/GraphVisual/Source/graphwindow.cpp:710:  [2] (misc) open:
  Check when opening files - can an attacker redirect it (via symlinks),
  force the opening of special file type (e.g., device files), move things
  around to create a race condition, control its ancestors, or change its
  contents? (CWE-362).

ANALYSIS SUMMARY:

Hits = 5
Lines analyzed = 3220 in approximately 0.04 seconds (90268 lines/second)
Physical Source Lines of Code (SLOC) = 2536
Hits@level = [0]   0 [1]   0 [2]   5 [3]   0 [4]   0 [5]   0
Hits@level+ = [0+]   5 [1+]   5 [2+]   5 [3+]   0 [4+]   0 [5+]   0
Hits/KSLOC@level+ = [0+] 1.97161 [1+] 1.97161 [2+] 1.97161 [3+]   0 [4+]   0 [5+]   0
Minimum risk level = 1

Not every hit is necessarily a security vulnerability.
You can inhibit a report by adding a comment in this form:
// flawfinder: ignore
Make *sure* it's a false positive!
You can use the option --neverignore to show these.

There may be other security vulnerabilities; review your code!
See 'Secure Programming HOWTO'
(https://dwheeler.com/secure-programs) for more information.
